{"/home/find/dev/projects/pet-vue/taskflow/src/components/layout/TaskCard.vue": {"path":"/home/find/dev/projects/pet-vue/taskflow/src/components/layout/TaskCard.vue","all":false,"statementMap":{"0":{"start":{"line":1,"column":0},"end":{"line":1,"column":10}},"1":{"start":{"line":2,"column":0},"end":{"line":2,"column":229}},"2":{"start":{"line":3,"column":0},"end":{"line":3,"column":62}},"3":{"start":{"line":4,"column":0},"end":{"line":4,"column":16}},"4":{"start":{"line":5,"column":0},"end":{"line":5,"column":33}},"5":{"start":{"line":6,"column":0},"end":{"line":6,"column":108}},"6":{"start":{"line":7,"column":0},"end":{"line":7,"column":19}},"10":{"start":{"line":11,"column":0},"end":{"line":11,"column":30}},"12":{"start":{"line":13,"column":0},"end":{"line":13,"column":81}},"13":{"start":{"line":14,"column":0},"end":{"line":14,"column":17}},"15":{"start":{"line":16,"column":0},"end":{"line":16,"column":45}},"16":{"start":{"line":17,"column":0},"end":{"line":17,"column":16}},"17":{"start":{"line":18,"column":0},"end":{"line":18,"column":78}},"18":{"start":{"line":19,"column":0},"end":{"line":19,"column":96}},"20":{"start":{"line":21,"column":0},"end":{"line":21,"column":28}},"21":{"start":{"line":22,"column":0},"end":{"line":22,"column":17}},"23":{"start":{"line":24,"column":0},"end":{"line":24,"column":17}},"24":{"start":{"line":25,"column":0},"end":{"line":25,"column":28}},"25":{"start":{"line":26,"column":0},"end":{"line":26,"column":33}},"26":{"start":{"line":27,"column":0},"end":{"line":27,"column":35}},"27":{"start":{"line":28,"column":0},"end":{"line":28,"column":28}},"28":{"start":{"line":29,"column":0},"end":{"line":29,"column":35}},"29":{"start":{"line":30,"column":0},"end":{"line":30,"column":217}},"31":{"start":{"line":32,"column":0},"end":{"line":32,"column":11}},"32":{"start":{"line":33,"column":0},"end":{"line":33,"column":14}},"33":{"start":{"line":34,"column":0},"end":{"line":34,"column":12}},"35":{"start":{"line":36,"column":0},"end":{"line":36,"column":135}},"36":{"start":{"line":37,"column":0},"end":{"line":37,"column":16}},"37":{"start":{"line":38,"column":0},"end":{"line":38,"column":39}},"38":{"start":{"line":39,"column":0},"end":{"line":39,"column":31}},"39":{"start":{"line":40,"column":0},"end":{"line":40,"column":76}},"40":{"start":{"line":41,"column":0},"end":{"line":41,"column":22}},"41":{"start":{"line":42,"column":0},"end":{"line":42,"column":9}},"43":{"start":{"line":44,"column":0},"end":{"line":44,"column":17}},"44":{"start":{"line":45,"column":0},"end":{"line":45,"column":16}},"45":{"start":{"line":46,"column":0},"end":{"line":46,"column":35}},"46":{"start":{"line":47,"column":0},"end":{"line":47,"column":74}},"47":{"start":{"line":48,"column":0},"end":{"line":48,"column":24}},"48":{"start":{"line":49,"column":0},"end":{"line":49,"column":9}},"50":{"start":{"line":51,"column":0},"end":{"line":51,"column":17}},"51":{"start":{"line":52,"column":0},"end":{"line":52,"column":12}},"52":{"start":{"line":53,"column":0},"end":{"line":53,"column":10}},"56":{"start":{"line":57,"column":0},"end":{"line":57,"column":26}},"59":{"start":{"line":60,"column":0},"end":{"line":60,"column":44}},"60":{"start":{"line":61,"column":0},"end":{"line":61,"column":47}},"62":{"start":{"line":63,"column":0},"end":{"line":63,"column":29}},"63":{"start":{"line":64,"column":0},"end":{"line":64,"column":42}},"65":{"start":{"line":66,"column":0},"end":{"line":66,"column":16}},"66":{"start":{"line":67,"column":0},"end":{"line":67,"column":47}},"67":{"start":{"line":68,"column":0},"end":{"line":68,"column":2}},"69":{"start":{"line":70,"column":0},"end":{"line":70,"column":27}},"70":{"start":{"line":71,"column":0},"end":{"line":71,"column":67}},"71":{"start":{"line":72,"column":0},"end":{"line":72,"column":55}},"72":{"start":{"line":73,"column":0},"end":{"line":73,"column":1}},"74":{"start":{"line":75,"column":0},"end":{"line":75,"column":25}},"75":{"start":{"line":76,"column":0},"end":{"line":76,"column":25}},"76":{"start":{"line":77,"column":0},"end":{"line":77,"column":39}},"77":{"start":{"line":78,"column":0},"end":{"line":78,"column":1}},"79":{"start":{"line":80,"column":0},"end":{"line":80,"column":21}},"80":{"start":{"line":81,"column":0},"end":{"line":81,"column":75}},"81":{"start":{"line":82,"column":0},"end":{"line":82,"column":64}},"82":{"start":{"line":83,"column":0},"end":{"line":83,"column":3}},"83":{"start":{"line":84,"column":0},"end":{"line":84,"column":26}},"84":{"start":{"line":85,"column":0},"end":{"line":85,"column":1}},"86":{"start":{"line":87,"column":0},"end":{"line":87,"column":23}},"87":{"start":{"line":88,"column":0},"end":{"line":88,"column":26}},"88":{"start":{"line":89,"column":0},"end":{"line":89,"column":1}}},"s":{"0":2,"1":2,"2":2,"3":2,"4":2,"5":2,"6":2,"10":2,"12":2,"13":2,"15":2,"16":2,"17":2,"18":2,"20":2,"21":2,"23":2,"24":2,"25":2,"26":1,"27":1,"28":1,"29":1,"31":1,"32":1,"33":1,"35":1,"36":1,"37":1,"38":1,"39":1,"40":1,"41":1,"43":1,"44":1,"45":1,"46":1,"47":1,"48":1,"50":1,"51":1,"52":1,"56":1,"59":1,"60":1,"62":1,"63":1,"65":1,"66":1,"67":1,"69":1,"70":1,"71":1,"72":1,"74":5,"75":5,"76":5,"77":5,"79":2,"80":2,"81":1,"82":1,"83":2,"84":2,"86":1,"87":1,"88":1},"branchMap":{"0":{"type":"branch","line":67,"loc":{"start":{"line":67,"column":11},"end":{"line":67,"column":47}},"locations":[{"start":{"line":67,"column":11},"end":{"line":67,"column":47}}]},"1":{"type":"branch","line":70,"loc":{"start":{"line":70,"column":0},"end":{"line":73,"column":1}},"locations":[{"start":{"line":70,"column":0},"end":{"line":73,"column":1}}]},"2":{"type":"branch","line":71,"loc":{"start":{"line":71,"column":42},"end":{"line":71,"column":60}},"locations":[{"start":{"line":71,"column":42},"end":{"line":71,"column":60}}]},"3":{"type":"branch","line":75,"loc":{"start":{"line":75,"column":0},"end":{"line":78,"column":1}},"locations":[{"start":{"line":75,"column":0},"end":{"line":78,"column":1}}]},"4":{"type":"branch","line":80,"loc":{"start":{"line":80,"column":0},"end":{"line":85,"column":1}},"locations":[{"start":{"line":80,"column":0},"end":{"line":85,"column":1}}]},"5":{"type":"branch","line":81,"loc":{"start":{"line":81,"column":29},"end":{"line":81,"column":74}},"locations":[{"start":{"line":81,"column":29},"end":{"line":81,"column":74}}]},"6":{"type":"branch","line":81,"loc":{"start":{"line":81,"column":74},"end":{"line":83,"column":3}},"locations":[{"start":{"line":81,"column":74},"end":{"line":83,"column":3}}]},"7":{"type":"branch","line":87,"loc":{"start":{"line":87,"column":0},"end":{"line":89,"column":1}},"locations":[{"start":{"line":87,"column":0},"end":{"line":89,"column":1}}]},"8":{"type":"branch","line":13,"loc":{"start":{"line":13,"column":33},"end":{"line":13,"column":81}},"locations":[{"start":{"line":13,"column":33},"end":{"line":13,"column":81}}]},"9":{"type":"branch","line":1,"loc":{"start":{"line":1,"column":0},"end":{"line":26,"column":33}},"locations":[{"start":{"line":1,"column":0},"end":{"line":26,"column":33}}]},"10":{"type":"branch","line":1,"loc":{"start":{"line":1,"column":0},"end":{"line":1,"column":10}},"locations":[{"start":{"line":1,"column":0},"end":{"line":1,"column":10}}]},"11":{"type":"branch","line":1,"loc":{"start":{"line":1,"column":0},"end":{"line":26,"column":33}},"locations":[{"start":{"line":1,"column":0},"end":{"line":26,"column":33}}]}},"b":{"0":[5],"1":[1],"2":[0],"3":[5],"4":[2],"5":[1],"6":[1],"7":[1],"8":[2],"9":[5],"10":[13],"11":[2]},"fnMap":{"0":{"name":"mounted","decl":{"start":{"line":67,"column":11},"end":{"line":67,"column":47}},"loc":{"start":{"line":67,"column":11},"end":{"line":67,"column":47}},"line":67},"1":{"name":"toggleComplete","decl":{"start":{"line":70,"column":0},"end":{"line":73,"column":1}},"loc":{"start":{"line":70,"column":0},"end":{"line":73,"column":1}},"line":70},"2":{"name":"startEditing","decl":{"start":{"line":75,"column":0},"end":{"line":78,"column":1}},"loc":{"start":{"line":75,"column":0},"end":{"line":78,"column":1}},"line":75},"3":{"name":"saveEdit","decl":{"start":{"line":80,"column":0},"end":{"line":85,"column":1}},"loc":{"start":{"line":80,"column":0},"end":{"line":85,"column":1}},"line":80},"4":{"name":"cancelEdit","decl":{"start":{"line":87,"column":0},"end":{"line":89,"column":1}},"loc":{"start":{"line":87,"column":0},"end":{"line":89,"column":1}},"line":87},"5":{"name":"$setup.isEditing.onUpdate:modelValue._cache.<computed>._cache.<computed>","decl":{"start":{"line":1,"column":0},"end":{"line":26,"column":33}},"loc":{"start":{"line":1,"column":0},"end":{"line":26,"column":33}},"line":1}},"f":{"0":5,"1":1,"2":5,"3":2,"4":1,"5":2}}
}
